[Nó 1] Iniciado com estratégia de Conexão Sob Demanda na porta DB 3307
[Nó 1] Iniciando thread do servidor...
[Nó 1] Iniciando eleição...
[Nó 1] Servidor escutando na porta 5001
[Nó 1] Erro ao enviar ELECTION para Nó 2 (192.168.15.20): [Errno 111] Connection refused
[Nó 1] Erro ao enviar COORDINATOR para Nó 2 (192.168.15.20): [Errno 111] Connection refused
[Nó 1] Server loop iteration 10, em_execucao=True
[Nó 1] Server loop iteration 20, em_execucao=True
[Nó 1] Server loop iteration 30, em_execucao=True
[Nó 1] Server loop iteration 40, em_execucao=True
[Nó 1] Server loop iteration 50, em_execucao=True
[Nó 1] Conexão aceita de ('172.23.0.1', 63363)
[Nó 1] Mensagem recebida: CLIENT_QUERY
[Nó 1] Executando Query: select * from users;
[Nó 1] Enviando resposta: success
[Nó 1] Server loop iteration 60, em_execucao=True
[Nó 1] Server loop iteration 70, em_execucao=True
[Nó 1] Server loop iteration 80, em_execucao=True
[Nó 1] Server loop iteration 90, em_execucao=True
[Nó 1] Server loop iteration 100, em_execucao=True
[Nó 1] Server loop iteration 110, em_execucao=True
[Nó 1] Server loop iteration 120, em_execucao=True
[Nó 1] Server loop iteration 130, em_execucao=True
[Nó 1] Server loop iteration 140, em_execucao=True
[Nó 1] Server loop iteration 150, em_execucao=True
[Nó 1] Server loop iteration 160, em_execucao=True
[Nó 1] Server loop iteration 170, em_execucao=True
[Nó 1] Server loop iteration 180, em_execucao=True
[Nó 1] Server loop iteration 190, em_execucao=True
[Nó 1] Server loop iteration 200, em_execucao=True
[Nó 1] Server loop iteration 210, em_execucao=True
[Nó 1] Server loop iteration 220, em_execucao=True
[Nó 1] Server loop iteration 230, em_execucao=True
[Nó 1] Server loop iteration 240, em_execucao=True
[Nó 1] Server loop iteration 250, em_execucao=True
[Nó 1] Server loop iteration 260, em_execucao=True
[Nó 1] Server loop iteration 270, em_execucao=True
[Nó 1] Server loop iteration 280, em_execucao=True
[Nó 1] Server loop iteration 290, em_execucao=True
[Nó 1] Server loop iteration 300, em_execucao=True
[Nó 1] Server loop iteration 310, em_execucao=True
[Nó 1] Server loop iteration 320, em_execucao=True
[Nó 1] Server loop iteration 330, em_execucao=True
[Nó 1] Server loop iteration 340, em_execucao=True
[Nó 1] Server loop iteration 350, em_execucao=True
[Nó 1] Server loop iteration 360, em_execucao=True
[Nó 1] Server loop iteration 370, em_execucao=True
[Nó 1] Server loop iteration 380, em_execucao=True
[Nó 1] Server loop iteration 390, em_execucao=True
[Nó 1] Server loop iteration 400, em_execucao=True
[Nó 1] Server loop iteration 410, em_execucao=True
[Nó 1] Server loop iteration 420, em_execucao=True
[Nó 1] Server loop iteration 430, em_execucao=True
[Nó 1] Server loop iteration 440, em_execucao=True
[Nó 1] Server loop iteration 450, em_execucao=True
[Nó 1] Server loop iteration 460, em_execucao=True
[Nó 1] Server loop iteration 470, em_execucao=True
[Nó 1] Server loop iteration 480, em_execucao=True
[Nó 1] Server loop iteration 490, em_execucao=True
[Nó 1] Server loop iteration 500, em_execucao=True
[Nó 1] Server loop iteration 510, em_execucao=True
[Nó 1] Server loop iteration 520, em_execucao=True
[Nó 1] Server loop iteration 530, em_execucao=True
[Nó 1] Server loop iteration 540, em_execucao=True
[Nó 1] Server loop iteration 550, em_execucao=True
[Nó 1] Server loop iteration 560, em_execucao=True
[Nó 1] Server loop iteration 570, em_execucao=True
[Nó 1] Conexão aceita de ('172.23.0.1', 53996)
[Nó 1] Mensagem recebida: CLIENT_QUERY
[Nó 1] Executando Query: select * from users;
[Nó 1] Enviando resposta: success
[Nó 1] Server loop iteration 580, em_execucao=True
[Nó 1] Server loop iteration 590, em_execucao=True
[Nó 1] Server loop iteration 600, em_execucao=True
[Nó 1] Server loop iteration 610, em_execucao=True
[Nó 1] Server loop iteration 620, em_execucao=True
[Nó 1] Server loop iteration 630, em_execucao=True
[Nó 1] Server loop iteration 640, em_execucao=True
[Nó 1] Server loop iteration 650, em_execucao=True
[Nó 1] Server loop iteration 660, em_execucao=True
[Nó 1] Conexão aceita de ('127.0.0.1', 35930)
[Nó 1] Mensagem recebida: CLIENT_QUERY
[Nó 1] Executando Query: INSERT INTO users (name, email) VALUES ('Teste Sync', 'sync@test.com')
[Nó 1] Replicando Checksum: 0e30613fc48ce95b5a7f6ccd563e0f44
[Nó 1] Enviando resposta: success
[Nó 1] Conexão aceita de ('127.0.0.1', 58956)
[Nó 1] Mensagem recebida: CLIENT_QUERY
[Nó 1] Executando Query: SELECT * FROM users WHERE email = 'sync@test.com'
[Nó 1] Enviando resposta: success
[Nó 1] Server loop iteration 670, em_execucao=True
[Nó 1] Server loop iteration 680, em_execucao=True
[Nó 1] Server loop iteration 690, em_execucao=True
[Nó 1] Conexão aceita de ('127.0.0.1', 60182)
[Nó 1] Mensagem recebida: CLIENT_QUERY
[Nó 1] Executando Query: SELECT * FROM users ORDER BY email
[Nó 1] Enviando resposta: success
[Nó 1] Server loop iteration 700, em_execucao=True
[Nó 1] Server loop iteration 710, em_execucao=True
[Nó 1] Server loop iteration 720, em_execucao=True
[Nó 1] Server loop iteration 730, em_execucao=True
[Nó 1] Server loop iteration 740, em_execucao=True
[Nó 1] Server loop iteration 750, em_execucao=True
[Nó 1] Server loop iteration 760, em_execucao=True
[Nó 1] Server loop iteration 770, em_execucao=True
[Nó 1] Server loop iteration 780, em_execucao=True
[Nó 1] Server loop iteration 790, em_execucao=True
[Nó 1] Server loop iteration 800, em_execucao=True
[Nó 1] Server loop iteration 810, em_execucao=True
[Nó 1] Server loop iteration 820, em_execucao=True
[Nó 1] Server loop iteration 830, em_execucao=True
[Nó 1] Server loop iteration 840, em_execucao=True
[Nó 1] Server loop iteration 850, em_execucao=True
[Nó 1] Server loop iteration 860, em_execucao=True
[Nó 1] Server loop iteration 870, em_execucao=True
[Nó 1] Server loop iteration 880, em_execucao=True
[Nó 1] Server loop iteration 890, em_execucao=True
[Nó 1] Server loop iteration 900, em_execucao=True
[Nó 1] Server loop iteration 910, em_execucao=True
[Nó 1] Server loop iteration 920, em_execucao=True
[Nó 1] Server loop iteration 930, em_execucao=True
[Nó 1] Server loop iteration 940, em_execucao=True
[Nó 1] Server loop iteration 950, em_execucao=True
[Nó 1] Server loop iteration 960, em_execucao=True
[Nó 1] Server loop iteration 970, em_execucao=True
[Nó 1] Conexão aceita de ('172.23.0.1', 56653)
[Nó 1] Nenhum dado recebido do cliente
[Nó 1] Server loop iteration 980, em_execucao=True
[Nó 1] Server loop iteration 990, em_execucao=True
[Nó 1] Server loop iteration 1000, em_execucao=True
[Nó 1] Server loop iteration 1010, em_execucao=True
[Nó 1] Server loop iteration 1020, em_execucao=True
[Nó 1] Server loop iteration 1030, em_execucao=True
[Nó 1] Server loop iteration 1040, em_execucao=True
[Nó 1] Server loop iteration 1050, em_execucao=True
[Nó 1] Server loop iteration 1060, em_execucao=True
[Nó 1] Server loop iteration 1070, em_execucao=True
[Nó 1] Server loop iteration 1080, em_execucao=True
[Nó 1] Server loop iteration 1090, em_execucao=True
[Nó 1] Server loop iteration 1100, em_execucao=True
[Nó 1] Server loop iteration 1110, em_execucao=True
[Nó 1] Server loop iteration 1120, em_execucao=True
[Nó 1] Server loop iteration 1130, em_execucao=True
[Nó 1] Server loop iteration 1140, em_execucao=True
[Nó 1] Server loop iteration 1150, em_execucao=True
[Nó 1] Server loop iteration 1160, em_execucao=True
[Nó 1] Server loop iteration 1170, em_execucao=True
[Nó 1] Server loop iteration 1180, em_execucao=True
[Nó 1] Server loop iteration 1190, em_execucao=True
[Nó 1] Server loop iteration 1200, em_execucao=True
[Nó 1] Server loop iteration 1210, em_execucao=True
[Nó 1] Server loop iteration 1220, em_execucao=True
[Nó 1] Server loop iteration 1230, em_execucao=True
[Nó 1] Server loop iteration 1240, em_execucao=True
[Nó 1] Server loop iteration 1250, em_execucao=True
[Nó 1] Server loop iteration 1260, em_execucao=True
[Nó 1] Server loop iteration 1270, em_execucao=True
[Nó 1] Server loop iteration 1280, em_execucao=True
[Nó 1] Server loop iteration 1290, em_execucao=True
[Nó 1] Server loop iteration 1300, em_execucao=True
[Nó 1] Server loop iteration 1310, em_execucao=True
[Nó 1] Server loop iteration 1320, em_execucao=True
[Nó 1] Server loop iteration 1330, em_execucao=True
[Nó 1] Server loop iteration 1340, em_execucao=True
[Nó 1] Server loop iteration 1350, em_execucao=True
[Nó 1] Server loop iteration 1360, em_execucao=True
[Nó 1] Server loop iteration 1370, em_execucao=True
[Nó 1] Server loop iteration 1380, em_execucao=True
[Nó 1] Server loop iteration 1390, em_execucao=True
[Nó 1] Conexão aceita de ('172.23.0.1', 61774)
[Nó 1] Nenhum dado recebido do cliente
[Nó 1] Server loop iteration 1400, em_execucao=True
[Nó 1] Server loop iteration 1410, em_execucao=True
[Nó 1] Server loop iteration 1420, em_execucao=True
[Nó 1] Server loop iteration 1430, em_execucao=True
[Nó 1] Conexão aceita de ('172.23.0.1', 61838)
[Nó 1] Mensagem recebida: CLIENT_QUERY
[Nó 1] Executando Query: SELECT 1 as test
[Nó 1] Enviando resposta: success
[Nó 1] Server loop iteration 1440, em_execucao=True
[Nó 1] Server loop iteration 1450, em_execucao=True
[Nó 1] Server loop iteration 1460, em_execucao=True
[Nó 1] Server loop iteration 1470, em_execucao=True
[Nó 1] Server loop iteration 1480, em_execucao=True
[Nó 1] Server loop iteration 1490, em_execucao=True
[Nó 1] Server loop iteration 1500, em_execucao=True
[Nó 1] Server loop iteration 1510, em_execucao=True
[Nó 1] Server loop iteration 1520, em_execucao=True
[Nó 1] Server loop iteration 1530, em_execucao=True
[Nó 1] Server loop iteration 1540, em_execucao=True
[Nó 1] Server loop iteration 1550, em_execucao=True
[Nó 1] Server loop iteration 1560, em_execucao=True
[Nó 1] Server loop iteration 1570, em_execucao=True
[Nó 1] Server loop iteration 1580, em_execucao=True
